mode: set
github.com/giygas/medicaments-api/medicamentsparser/downloader.go:16.62,20.16 3 1
github.com/giygas/medicaments-api/medicamentsparser/downloader.go:20.16,22.3 1 0
github.com/giygas/medicaments-api/medicamentsparser/downloader.go:23.2,26.16 3 1
github.com/giygas/medicaments-api/medicamentsparser/downloader.go:26.16,28.3 1 0
github.com/giygas/medicaments-api/medicamentsparser/downloader.go:30.2,34.21 4 1
github.com/giygas/medicaments-api/medicamentsparser/downloader.go:34.21,36.17 2 1
github.com/giygas/medicaments-api/medicamentsparser/downloader.go:36.17,38.4 1 0
github.com/giygas/medicaments-api/medicamentsparser/downloader.go:40.2,40.12 1 1
github.com/giygas/medicaments-api/medicamentsparser/downloader.go:44.34,58.16 4 1
github.com/giygas/medicaments-api/medicamentsparser/downloader.go:58.16,60.3 1 0
github.com/giygas/medicaments-api/medicamentsparser/downloader.go:61.2,63.16 3 1
github.com/giygas/medicaments-api/medicamentsparser/downloader.go:63.16,65.3 1 0
github.com/giygas/medicaments-api/medicamentsparser/downloader.go:67.2,71.35 4 1
github.com/giygas/medicaments-api/medicamentsparser/downloader.go:71.35,74.36 2 1
github.com/giygas/medicaments-api/medicamentsparser/downloader.go:74.36,76.58 2 1
github.com/giygas/medicaments-api/medicamentsparser/downloader.go:76.58,80.5 3 0
github.com/giygas/medicaments-api/medicamentsparser/downloader.go:84.2,86.21 2 1
github.com/giygas/medicaments-api/medicamentsparser/downloader.go:86.21,89.3 2 0
github.com/giygas/medicaments-api/medicamentsparser/downloader.go:91.2,93.12 2 1
github.com/giygas/medicaments-api/medicamentsparser/fileReader.go:11.61,13.16 2 1
github.com/giygas/medicaments-api/medicamentsparser/fileReader.go:13.16,15.3 1 0
github.com/giygas/medicaments-api/medicamentsparser/fileReader.go:17.2,19.16 3 1
github.com/giygas/medicaments-api/medicamentsparser/fileReader.go:19.16,21.3 1 0
github.com/giygas/medicaments-api/medicamentsparser/fileReader.go:24.2,24.25 1 1
github.com/giygas/medicaments-api/medicamentsparser/fileReader.go:27.62,29.16 2 0
github.com/giygas/medicaments-api/medicamentsparser/fileReader.go:29.16,31.3 1 0
github.com/giygas/medicaments-api/medicamentsparser/fileReader.go:33.2,35.16 3 0
github.com/giygas/medicaments-api/medicamentsparser/fileReader.go:35.16,37.3 1 0
github.com/giygas/medicaments-api/medicamentsparser/fileReader.go:40.2,40.18 1 0
github.com/giygas/medicaments-api/medicamentsparser/fileReader.go:43.58,45.16 2 0
github.com/giygas/medicaments-api/medicamentsparser/fileReader.go:45.16,47.3 1 0
github.com/giygas/medicaments-api/medicamentsparser/fileReader.go:49.2,51.16 3 0
github.com/giygas/medicaments-api/medicamentsparser/fileReader.go:51.16,53.3 1 0
github.com/giygas/medicaments-api/medicamentsparser/fileReader.go:56.2,56.18 1 0
github.com/giygas/medicaments-api/medicamentsparser/fileReader.go:59.54,61.16 2 1
github.com/giygas/medicaments-api/medicamentsparser/fileReader.go:61.16,63.3 1 0
github.com/giygas/medicaments-api/medicamentsparser/fileReader.go:65.2,68.16 3 1
github.com/giygas/medicaments-api/medicamentsparser/fileReader.go:68.16,70.3 1 0
github.com/giygas/medicaments-api/medicamentsparser/fileReader.go:73.2,73.18 1 1
github.com/giygas/medicaments-api/medicamentsparser/fileReader.go:76.64,78.16 2 0
github.com/giygas/medicaments-api/medicamentsparser/fileReader.go:78.16,80.3 1 0
github.com/giygas/medicaments-api/medicamentsparser/fileReader.go:82.2,84.16 3 0
github.com/giygas/medicaments-api/medicamentsparser/fileReader.go:84.16,86.3 1 0
github.com/giygas/medicaments-api/medicamentsparser/fileReader.go:89.2,89.18 1 0
github.com/giygas/medicaments-api/medicamentsparser/generiquesParser.go:15.156,21.16 3 1
github.com/giygas/medicaments-api/medicamentsparser/generiquesParser.go:21.16,23.3 1 0
github.com/giygas/medicaments-api/medicamentsparser/generiquesParser.go:26.2,27.31 2 1
github.com/giygas/medicaments-api/medicamentsparser/generiquesParser.go:27.31,29.3 1 1
github.com/giygas/medicaments-api/medicamentsparser/generiquesParser.go:32.2,33.16 2 1
github.com/giygas/medicaments-api/medicamentsparser/generiquesParser.go:33.16,36.3 2 0
github.com/giygas/medicaments-api/medicamentsparser/generiquesParser.go:40.2,41.16 2 1
github.com/giygas/medicaments-api/medicamentsparser/generiquesParser.go:41.16,43.3 1 0
github.com/giygas/medicaments-api/medicamentsparser/generiquesParser.go:45.2,47.35 2 1
github.com/giygas/medicaments-api/medicamentsparser/generiquesParser.go:47.35,51.21 2 1
github.com/giygas/medicaments-api/medicamentsparser/generiquesParser.go:51.21,53.12 2 0
github.com/giygas/medicaments-api/medicamentsparser/generiquesParser.go:56.3,62.43 2 1
github.com/giygas/medicaments-api/medicamentsparser/generiquesParser.go:66.2,67.16 2 1
github.com/giygas/medicaments-api/medicamentsparser/generiquesParser.go:67.16,69.3 1 0
github.com/giygas/medicaments-api/medicamentsparser/generiquesParser.go:69.8,70.103 1 1
github.com/giygas/medicaments-api/medicamentsparser/generiquesParser.go:70.103,72.4 1 0
github.com/giygas/medicaments-api/medicamentsparser/generiquesParser.go:75.2,76.39 2 1
github.com/giygas/medicaments-api/medicamentsparser/generiquesParser.go:79.112,81.43 2 1
github.com/giygas/medicaments-api/medicamentsparser/generiquesParser.go:81.43,88.3 2 0
github.com/giygas/medicaments-api/medicamentsparser/generiquesParser.go:89.2,89.21 1 1
github.com/giygas/medicaments-api/medicamentsparser/generiquesParser.go:92.125,95.35 2 1
github.com/giygas/medicaments-api/medicamentsparser/generiquesParser.go:95.35,96.48 1 1
github.com/giygas/medicaments-api/medicamentsparser/generiquesParser.go:96.48,106.4 3 1
github.com/giygas/medicaments-api/medicamentsparser/generiquesParser.go:109.2,109.25 1 1
github.com/giygas/medicaments-api/medicamentsparser/medicamentsParser.go:14.56,15.16 1 1
github.com/giygas/medicaments-api/medicamentsparser/medicamentsParser.go:15.16,17.3 1 0
github.com/giygas/medicaments-api/medicamentsparser/medicamentsParser.go:18.2,18.26 1 1
github.com/giygas/medicaments-api/medicamentsparser/medicamentsParser.go:18.26,20.3 1 0
github.com/giygas/medicaments-api/medicamentsparser/medicamentsParser.go:21.2,21.33 1 1
github.com/giygas/medicaments-api/medicamentsparser/medicamentsParser.go:21.33,23.3 1 0
github.com/giygas/medicaments-api/medicamentsparser/medicamentsParser.go:25.2,25.12 1 1
github.com/giygas/medicaments-api/medicamentsparser/medicamentsParser.go:28.59,44.12 10 1
github.com/giygas/medicaments-api/medicamentsparser/medicamentsParser.go:44.12,46.17 2 1
github.com/giygas/medicaments-api/medicamentsparser/medicamentsParser.go:46.17,50.4 3 0
github.com/giygas/medicaments-api/medicamentsparser/medicamentsParser.go:51.3,51.27 1 1
github.com/giygas/medicaments-api/medicamentsparser/medicamentsParser.go:54.2,54.12 1 1
github.com/giygas/medicaments-api/medicamentsparser/medicamentsParser.go:54.12,56.17 2 1
github.com/giygas/medicaments-api/medicamentsparser/medicamentsParser.go:56.17,60.4 3 0
github.com/giygas/medicaments-api/medicamentsparser/medicamentsParser.go:61.3,61.30 1 1
github.com/giygas/medicaments-api/medicamentsparser/medicamentsParser.go:64.2,64.12 1 1
github.com/giygas/medicaments-api/medicamentsparser/medicamentsParser.go:64.12,66.17 2 1
github.com/giygas/medicaments-api/medicamentsparser/medicamentsParser.go:66.17,70.4 3 0
github.com/giygas/medicaments-api/medicamentsparser/medicamentsParser.go:71.3,71.28 1 1
github.com/giygas/medicaments-api/medicamentsparser/medicamentsParser.go:74.2,74.12 1 1
github.com/giygas/medicaments-api/medicamentsparser/medicamentsParser.go:74.12,76.17 2 1
github.com/giygas/medicaments-api/medicamentsparser/medicamentsParser.go:76.17,80.4 3 0
github.com/giygas/medicaments-api/medicamentsparser/medicamentsParser.go:81.3,81.27 1 1
github.com/giygas/medicaments-api/medicamentsparser/medicamentsParser.go:84.2,84.12 1 1
github.com/giygas/medicaments-api/medicamentsparser/medicamentsParser.go:84.12,86.17 2 1
github.com/giygas/medicaments-api/medicamentsparser/medicamentsParser.go:86.17,90.4 3 0
github.com/giygas/medicaments-api/medicamentsparser/medicamentsParser.go:91.3,91.29 1 1
github.com/giygas/medicaments-api/medicamentsparser/medicamentsParser.go:94.2,115.36 17 1
github.com/giygas/medicaments-api/medicamentsparser/medicamentsParser.go:115.36,117.3 1 1
github.com/giygas/medicaments-api/medicamentsparser/medicamentsParser.go:119.2,120.33 2 1
github.com/giygas/medicaments-api/medicamentsparser/medicamentsParser.go:120.33,122.3 1 1
github.com/giygas/medicaments-api/medicamentsparser/medicamentsParser.go:124.2,125.37 2 1
github.com/giygas/medicaments-api/medicamentsparser/medicamentsParser.go:125.37,127.3 1 1
github.com/giygas/medicaments-api/medicamentsparser/medicamentsParser.go:129.2,130.34 2 1
github.com/giygas/medicaments-api/medicamentsparser/medicamentsParser.go:130.34,132.3 1 1
github.com/giygas/medicaments-api/medicamentsparser/medicamentsParser.go:134.2,136.34 2 1
github.com/giygas/medicaments-api/medicamentsparser/medicamentsParser.go:136.34,153.56 12 1
github.com/giygas/medicaments-api/medicamentsparser/medicamentsParser.go:153.56,155.4 1 1
github.com/giygas/medicaments-api/medicamentsparser/medicamentsParser.go:158.3,158.52 1 1
github.com/giygas/medicaments-api/medicamentsparser/medicamentsParser.go:158.52,160.4 1 1
github.com/giygas/medicaments-api/medicamentsparser/medicamentsParser.go:163.3,163.56 1 1
github.com/giygas/medicaments-api/medicamentsparser/medicamentsParser.go:163.56,165.4 1 1
github.com/giygas/medicaments-api/medicamentsparser/medicamentsParser.go:168.3,168.53 1 1
github.com/giygas/medicaments-api/medicamentsparser/medicamentsParser.go:168.53,170.4 1 1
github.com/giygas/medicaments-api/medicamentsparser/medicamentsParser.go:173.3,173.57 1 1
github.com/giygas/medicaments-api/medicamentsparser/medicamentsParser.go:173.57,175.12 2 0
github.com/giygas/medicaments-api/medicamentsparser/medicamentsParser.go:178.3,178.59 1 1
github.com/giygas/medicaments-api/medicamentsparser/medicamentsParser.go:182.2,184.16 3 1
github.com/giygas/medicaments-api/medicamentsparser/medicamentsParser.go:184.16,187.3 2 0
github.com/giygas/medicaments-api/medicamentsparser/medicamentsParser.go:189.2,190.16 2 1
github.com/giygas/medicaments-api/medicamentsparser/medicamentsParser.go:190.16,193.3 2 0
github.com/giygas/medicaments-api/medicamentsparser/medicamentsParser.go:194.2,202.30 7 1
github.com/giygas/medicaments-api/medicamentsparser/tsvConverter.go:16.77,17.15 1 1
github.com/giygas/medicaments-api/medicamentsparser/tsvConverter.go:17.15,19.3 1 1
github.com/giygas/medicaments-api/medicamentsparser/tsvConverter.go:21.2,22.16 2 1
github.com/giygas/medicaments-api/medicamentsparser/tsvConverter.go:22.16,24.3 1 0
github.com/giygas/medicaments-api/medicamentsparser/tsvConverter.go:25.2,31.21 4 1
github.com/giygas/medicaments-api/medicamentsparser/tsvConverter.go:31.21,36.17 4 1
github.com/giygas/medicaments-api/medicamentsparser/tsvConverter.go:36.17,38.4 1 0
github.com/giygas/medicaments-api/medicamentsparser/tsvConverter.go:40.3,41.17 2 1
github.com/giygas/medicaments-api/medicamentsparser/tsvConverter.go:41.17,43.4 1 0
github.com/giygas/medicaments-api/medicamentsparser/tsvConverter.go:45.3,46.17 2 1
github.com/giygas/medicaments-api/medicamentsparser/tsvConverter.go:46.17,48.4 1 0
github.com/giygas/medicaments-api/medicamentsparser/tsvConverter.go:53.3,55.22 2 1
github.com/giygas/medicaments-api/medicamentsparser/tsvConverter.go:55.22,61.21 2 1
github.com/giygas/medicaments-api/medicamentsparser/tsvConverter.go:61.21,63.5 1 1
github.com/giygas/medicaments-api/medicamentsparser/tsvConverter.go:66.4,68.18 2 1
github.com/giygas/medicaments-api/medicamentsparser/tsvConverter.go:68.18,70.5 1 0
github.com/giygas/medicaments-api/medicamentsparser/tsvConverter.go:71.4,73.21 2 1
github.com/giygas/medicaments-api/medicamentsparser/tsvConverter.go:74.9,76.4 1 1
github.com/giygas/medicaments-api/medicamentsparser/tsvConverter.go:78.3,91.44 2 1
github.com/giygas/medicaments-api/medicamentsparser/tsvConverter.go:94.2,95.25 2 1
github.com/giygas/medicaments-api/medicamentsparser/tsvConverter.go:98.71,100.15 1 1
github.com/giygas/medicaments-api/medicamentsparser/tsvConverter.go:100.15,102.3 1 1
github.com/giygas/medicaments-api/medicamentsparser/tsvConverter.go:104.2,105.16 2 1
github.com/giygas/medicaments-api/medicamentsparser/tsvConverter.go:105.16,107.3 1 0
github.com/giygas/medicaments-api/medicamentsparser/tsvConverter.go:108.2,119.21 6 1
github.com/giygas/medicaments-api/medicamentsparser/tsvConverter.go:119.21,124.22 4 1
github.com/giygas/medicaments-api/medicamentsparser/tsvConverter.go:124.22,125.12 1 0
github.com/giygas/medicaments-api/medicamentsparser/tsvConverter.go:128.3,129.22 2 1
github.com/giygas/medicaments-api/medicamentsparser/tsvConverter.go:129.22,131.4 1 0
github.com/giygas/medicaments-api/medicamentsparser/tsvConverter.go:133.3,134.22 2 1
github.com/giygas/medicaments-api/medicamentsparser/tsvConverter.go:134.22,136.4 1 0
github.com/giygas/medicaments-api/medicamentsparser/tsvConverter.go:138.3,140.20 2 1
github.com/giygas/medicaments-api/medicamentsparser/tsvConverter.go:141.12,142.30 1 1
github.com/giygas/medicaments-api/medicamentsparser/tsvConverter.go:143.12,144.33 1 1
github.com/giygas/medicaments-api/medicamentsparser/tsvConverter.go:145.12,146.68 1 1
github.com/giygas/medicaments-api/medicamentsparser/tsvConverter.go:147.12,148.47 1 0
github.com/giygas/medicaments-api/medicamentsparser/tsvConverter.go:151.3,161.15 3 1
github.com/giygas/medicaments-api/medicamentsparser/tsvConverter.go:161.15,163.4 1 1
github.com/giygas/medicaments-api/medicamentsparser/tsvConverter.go:166.2,167.16 2 1
github.com/giygas/medicaments-api/medicamentsparser/tsvConverter.go:167.16,169.3 1 0
github.com/giygas/medicaments-api/medicamentsparser/tsvConverter.go:171.2,171.15 1 1
github.com/giygas/medicaments-api/medicamentsparser/tsvConverter.go:171.15,173.3 1 1
github.com/giygas/medicaments-api/medicamentsparser/tsvConverter.go:175.2,176.25 2 1
github.com/giygas/medicaments-api/medicamentsparser/tsvConverter.go:179.75,180.15 1 1
github.com/giygas/medicaments-api/medicamentsparser/tsvConverter.go:180.15,182.3 1 1
github.com/giygas/medicaments-api/medicamentsparser/tsvConverter.go:184.2,185.16 2 1
github.com/giygas/medicaments-api/medicamentsparser/tsvConverter.go:185.16,187.3 1 0
github.com/giygas/medicaments-api/medicamentsparser/tsvConverter.go:188.2,194.21 4 1
github.com/giygas/medicaments-api/medicamentsparser/tsvConverter.go:194.21,199.17 4 1
github.com/giygas/medicaments-api/medicamentsparser/tsvConverter.go:199.17,201.4 1 0
github.com/giygas/medicaments-api/medicamentsparser/tsvConverter.go:203.3,204.17 2 1
github.com/giygas/medicaments-api/medicamentsparser/tsvConverter.go:204.17,206.4 1 0
github.com/giygas/medicaments-api/medicamentsparser/tsvConverter.go:208.3,218.44 2 1
github.com/giygas/medicaments-api/medicamentsparser/tsvConverter.go:221.2,222.25 2 1
github.com/giygas/medicaments-api/medicamentsparser/tsvConverter.go:225.73,226.15 1 1
github.com/giygas/medicaments-api/medicamentsparser/tsvConverter.go:226.15,228.3 1 1
github.com/giygas/medicaments-api/medicamentsparser/tsvConverter.go:230.2,231.16 2 1
github.com/giygas/medicaments-api/medicamentsparser/tsvConverter.go:231.16,233.3 1 0
github.com/giygas/medicaments-api/medicamentsparser/tsvConverter.go:234.2,240.21 4 1
github.com/giygas/medicaments-api/medicamentsparser/tsvConverter.go:240.21,245.17 4 1
github.com/giygas/medicaments-api/medicamentsparser/tsvConverter.go:245.17,247.4 1 0
github.com/giygas/medicaments-api/medicamentsparser/tsvConverter.go:249.3,262.44 2 1
github.com/giygas/medicaments-api/medicamentsparser/tsvConverter.go:265.2,266.25 2 1
github.com/giygas/medicaments-api/medicamentsparser/tsvConverter.go:269.71,270.15 1 1
github.com/giygas/medicaments-api/medicamentsparser/tsvConverter.go:270.15,272.3 1 1
github.com/giygas/medicaments-api/medicamentsparser/tsvConverter.go:274.2,275.16 2 1
github.com/giygas/medicaments-api/medicamentsparser/tsvConverter.go:275.16,277.3 1 0
github.com/giygas/medicaments-api/medicamentsparser/tsvConverter.go:278.2,284.21 4 1
github.com/giygas/medicaments-api/medicamentsparser/tsvConverter.go:284.21,289.21 3 1
github.com/giygas/medicaments-api/medicamentsparser/tsvConverter.go:289.21,290.12 1 1
github.com/giygas/medicaments-api/medicamentsparser/tsvConverter.go:293.3,294.17 2 1
github.com/giygas/medicaments-api/medicamentsparser/tsvConverter.go:294.17,296.4 1 0
github.com/giygas/medicaments-api/medicamentsparser/tsvConverter.go:298.3,303.44 2 1
github.com/giygas/medicaments-api/medicamentsparser/tsvConverter.go:306.2,307.25 2 1
github.com/giygas/medicaments-api/medicamentsparser/tsvConverter.go:312.62,316.16 3 1
github.com/giygas/medicaments-api/medicamentsparser/tsvConverter.go:316.16,318.3 1 0
github.com/giygas/medicaments-api/medicamentsparser/tsvConverter.go:319.2,323.21 3 1
github.com/giygas/medicaments-api/medicamentsparser/tsvConverter.go:323.21,328.17 4 1
github.com/giygas/medicaments-api/medicamentsparser/tsvConverter.go:328.17,330.4 1 0
github.com/giygas/medicaments-api/medicamentsparser/tsvConverter.go:332.3,334.20 2 1
github.com/giygas/medicaments-api/medicamentsparser/tsvConverter.go:335.12,336.30 1 1
github.com/giygas/medicaments-api/medicamentsparser/tsvConverter.go:337.12,338.33 1 0
github.com/giygas/medicaments-api/medicamentsparser/tsvConverter.go:339.12,340.68 1 0
github.com/giygas/medicaments-api/medicamentsparser/tsvConverter.go:341.12,342.47 1 0
github.com/giygas/medicaments-api/medicamentsparser/tsvConverter.go:345.3,345.32 1 1
github.com/giygas/medicaments-api/medicamentsparser/tsvConverter.go:348.2,348.22 1 1
